Started GET "/ssl_site/" for 10.246.130.31 at 2015-07-20 12:55:22 -0400
Processing by SslController#index as HTML
index ssl 3
  Rendered ssl/_ssl_search.html.erb (0.0ms)
  Rendered ssl/index.html.erb within layouts/application (15.6ms)
  Rendered layouts/_ssl_nav.html.erb (15.6ms)
Completed 200 OK in 62ms (Views: 31.2ms | ActiveRecord: 0.0ms)
Started GET "/ssl_site" for 10.246.130.31 at 2015-07-20 12:57:30 -0400
Processing by SslController#index as HTML
index ssl 3
  Rendered ssl/_ssl_search.html.erb (0.0ms)
  Rendered ssl/index.html.erb within layouts/application (0.0ms)
  Rendered layouts/_ssl_nav.html.erb (0.0ms)
Completed 200 OK in 0ms (Views: 0.0ms | ActiveRecord: 0.0ms)
Started GET "/ssl_site/doc" for 10.246.130.31 at 2015-07-20 12:57:31 -0400
Processing by DocController#index as HTML
filters, line 159
  Rendered doc/_doc_table_body.html.erb (15.6ms)
  Rendered doc/index.html.erb within layouts/application (62.4ms)
  Rendered layouts/_ssl_nav.html.erb (0.0ms)
Completed 200 OK in 998ms (Views: 78.0ms | ActiveRecord: 0.0ms)
Started GET "/ssl_site/doc" for 10.246.130.31 at 2015-07-20 12:57:41 -0400
Processing by DocController#index as HTML
filters, line 159
  Rendered doc/_doc_table_body.html.erb (0.0ms)
  Rendered doc/index.html.erb within layouts/application (15.6ms)
  Rendered layouts/_ssl_nav.html.erb (0.0ms)
Completed 200 OK in 374ms (Views: 31.2ms | ActiveRecord: 0.0ms)
Started GET "/ssl_site/ssl/about" for 10.246.130.31 at 2015-07-20 12:57:46 -0400
Processing by SslController#about as HTML
  Rendered ssl/about.html.erb within layouts/application (0.0ms)
  Rendered layouts/_ssl_nav.html.erb (0.0ms)
Completed 200 OK in 0ms (Views: 0.0ms | ActiveRecord: 0.0ms)
Started GET "/ssl_site/" for 10.246.130.31 at 2015-07-20 12:57:47 -0400
Processing by SslController#index as HTML
index ssl 3
  Rendered ssl/_ssl_search.html.erb (0.0ms)
  Rendered ssl/index.html.erb within layouts/application (15.6ms)
  Rendered layouts/_ssl_nav.html.erb (0.0ms)
Completed 200 OK in 16ms (Views: 15.6ms | ActiveRecord: 0.0ms)
Started GET "/ssl_site/ssl/about" for 10.246.130.31 at 2015-07-20 12:58:47 -0400
Processing by SslController#about as HTML
  Rendered ssl/about.html.erb within layouts/application (0.0ms)
  Rendered layouts/_ssl_nav.html.erb (0.0ms)
Completed 200 OK in 0ms (Views: 0.0ms | ActiveRecord: 0.0ms)
Started GET "/ssl_site/" for 10.246.130.31 at 2015-07-20 12:58:55 -0400
Processing by SslController#index as HTML
index ssl 3
  Rendered ssl/_ssl_search.html.erb (0.0ms)
  Rendered ssl/index.html.erb within layouts/application (15.6ms)
  Rendered layouts/_ssl_nav.html.erb (0.0ms)
Completed 200 OK in 16ms (Views: 15.6ms | ActiveRecord: 0.0ms)
Started GET "/ssl_site/users/sign_in" for 10.246.130.31 at 2015-07-20 12:59:02 -0400
Processing by Devise::SessionsController#new as HTML
PG::UndefinedTable: ERROR:  relation "users" does not exist
LINE 5:                WHERE a.attrelid = '"users"'::regclass
                                          ^
:               SELECT a.attname, format_type(a.atttypid, a.atttypmod),
                     pg_get_expr(d.adbin, d.adrelid), a.attnotnull, a.atttypid, a.atttypmod
                FROM pg_attribute a LEFT JOIN pg_attrdef d
                  ON a.attrelid = d.adrelid AND a.attnum = d.adnum
               WHERE a.attrelid = '"users"'::regclass
                 AND a.attnum > 0 AND NOT a.attisdropped
               ORDER BY a.attnum

Completed 500 Internal Server Error in 218ms

ActiveRecord::StatementInvalid (PG::UndefinedTable: ERROR:  relation "users" does not exist
LINE 5:                WHERE a.attrelid = '"users"'::regclass
                                          ^
:               SELECT a.attname, format_type(a.atttypid, a.atttypmod),
                     pg_get_expr(d.adbin, d.adrelid), a.attnotnull, a.atttypid, a.atttypmod
                FROM pg_attribute a LEFT JOIN pg_attrdef d
                  ON a.attrelid = d.adrelid AND a.attnum = d.adnum
               WHERE a.attrelid = '"users"'::regclass
                 AND a.attnum > 0 AND NOT a.attisdropped
               ORDER BY a.attnum
):
  GEM_HOME/gems/activerecord-4.0.0/lib/active_record/connection_adapters/postgresql_adapter.rb:768:in `async_exec'
  GEM_HOME/gems/activerecord-4.0.0/lib/active_record/connection_adapters/postgresql_adapter.rb:768:in `exec_no_cache'
  GEM_HOME/gems/activerecord-4.0.0/lib/active_record/connection_adapters/postgresql/database_statements.rb:138:in `block in exec_query'
  GEM_HOME/gems/activerecord-4.0.0/lib/active_record/connection_adapters/abstract_adapter.rb:425:in `block in log'
  GEM_HOME/gems/activesupport-4.0.0/lib/active_support/notifications/instrumenter.rb:20:in `instrument'
  GEM_HOME/gems/activerecord-4.0.0/lib/active_record/connection_adapters/abstract_adapter.rb:420:in `log'
  GEM_HOME/gems/activerecord-4.0.0/lib/active_record/connection_adapters/postgresql/database_statements.rb:137:in `exec_query'
  GEM_HOME/gems/activerecord-4.0.0/lib/active_record/connection_adapters/postgresql_adapter.rb:915:in `column_definitions'
  GEM_HOME/gems/activerecord-4.0.0/lib/active_record/connection_adapters/postgresql/schema_statements.rb:174:in `columns'
  GEM_HOME/gems/activerecord-4.0.0/lib/active_record/connection_adapters/schema_cache.rb:114:in `block in prepare_default_proc'
  GEM_HOME/gems/activerecord-4.0.0/lib/active_record/connection_adapters/schema_cache.rb:56:in `yield'
  GEM_HOME/gems/activerecord-4.0.0/lib/active_record/connection_adapters/schema_cache.rb:56:in `default'
  GEM_HOME/gems/activerecord-4.0.0/lib/active_record/connection_adapters/schema_cache.rb:56:in `columns'
  GEM_HOME/gems/activerecord-4.0.0/lib/active_record/model_schema.rb:208:in `columns'
  GEM_HOME/gems/activerecord-4.0.0/lib/active_record/model_schema.rb:242:in `column_defaults'
  GEM_HOME/gems/activerecord-4.0.0/lib/active_record/locking/optimistic.rb:169:in `column_defaults'
  GEM_HOME/gems/activerecord-4.0.0/lib/active_record/core.rb:181:in `initialize'
  GEM_HOME/gems/activerecord-4.0.0/lib/active_record/inheritance.rb:27:in `new'
  GEM_HOME/gems/activerecord-4.0.0/lib/active_record/inheritance.rb:27:in `new'
  GEM_HOME/gems/devise-3.2.4/app/controllers/devise/sessions_controller.rb:8:in `new'
  GEM_HOME/gems/actionpack-4.0.0/lib/action_controller/metal/implicit_render.rb:4:in `send_action'
  GEM_HOME/gems/actionpack-4.0.0/lib/abstract_controller/base.rb:189:in `process_action'
  GEM_HOME/gems/actionpack-4.0.0/lib/action_controller/metal/rendering.rb:10:in `process_action'
  GEM_HOME/gems/actionpack-4.0.0/lib/abstract_controller/callbacks.rb:18:in `block in process_action'
  GEM_HOME/gems/activesupport-4.0.0/lib/active_support/callbacks.rb:443:in `_run__337958458__process_action__callbacks'
  GEM_HOME/gems/activesupport-4.0.0/lib/active_support/callbacks.rb:80:in `run_callbacks'
  GEM_HOME/gems/actionpack-4.0.0/lib/abstract_controller/callbacks.rb:17:in `process_action'
  GEM_HOME/gems/actionpack-4.0.0/lib/action_controller/metal/rescue.rb:29:in `process_action'
  GEM_HOME/gems/actionpack-4.0.0/lib/action_controller/metal/instrumentation.rb:31:in `block in process_action'
  GEM_HOME/gems/activesupport-4.0.0/lib/active_support/notifications.rb:159:in `block in instrument'
  GEM_HOME/gems/activesupport-4.0.0/lib/active_support/notifications/instrumenter.rb:20:in `instrument'
  GEM_HOME/gems/activesupport-4.0.0/lib/active_support/notifications.rb:159:in `instrument'
  GEM_HOME/gems/actionpack-4.0.0/lib/action_controller/metal/instrumentation.rb:30:in `process_action'
  GEM_HOME/gems/actionpack-4.0.0/lib/action_controller/metal/params_wrapper.rb:245:in `process_action'
  GEM_HOME/gems/activerecord-4.0.0/lib/active_record/railties/controller_runtime.rb:18:in `process_action'
  GEM_HOME/gems/actionpack-4.0.0/lib/abstract_controller/base.rb:136:in `process'
  GEM_HOME/gems/actionpack-4.0.0/lib/abstract_controller/rendering.rb:44:in `process'
  GEM_HOME/gems/actionpack-4.0.0/lib/action_controller/metal.rb:195:in `dispatch'
  GEM_HOME/gems/actionpack-4.0.0/lib/action_controller/metal/rack_delegation.rb:13:in `dispatch'
  GEM_HOME/gems/actionpack-4.0.0/lib/action_controller/metal.rb:231:in `block in action'
  GEM_HOME/gems/actionpack-4.0.0/lib/action_dispatch/routing/route_set.rb:80:in `call'
  GEM_HOME/gems/actionpack-4.0.0/lib/action_dispatch/routing/route_set.rb:80:in `dispatch'
  GEM_HOME/gems/actionpack-4.0.0/lib/action_dispatch/routing/route_set.rb:48:in `call'
  GEM_HOME/gems/actionpack-4.0.0/lib/action_dispatch/routing/mapper.rb:44:in `call'
  GEM_HOME/gems/actionpack-4.0.0/lib/action_dispatch/journey/router.rb:71:in `block in call'
  GEM_HOME/gems/actionpack-4.0.0/lib/action_dispatch/journey/router.rb:59:in `each'
  GEM_HOME/gems/actionpack-4.0.0/lib/action_dispatch/journey/router.rb:59:in `call'
  GEM_HOME/gems/actionpack-4.0.0/lib/action_dispatch/routing/route_set.rb:655:in `call'
  GEM_HOME/gems/warden-1.2.3/lib/warden/manager.rb:35:in `block in call'
  GEM_HOME/gems/warden-1.2.3/lib/warden/manager.rb:34:in `catch'
  GEM_HOME/gems/warden-1.2.3/lib/warden/manager.rb:34:in `call'
  GEM_HOME/gems/rack-1.5.2/lib/rack/etag.rb:23:in `call'
  GEM_HOME/gems/rack-1.5.2/lib/rack/conditionalget.rb:25:in `call'
  GEM_HOME/gems/rack-1.5.2/lib/rack/head.rb:11:in `call'
  GEM_HOME/gems/actionpack-4.0.0/lib/action_dispatch/middleware/params_parser.rb:27:in `call'
  GEM_HOME/gems/actionpack-4.0.0/lib/action_dispatch/middleware/flash.rb:241:in `call'
  GEM_HOME/gems/rack-1.5.2/lib/rack/session/abstract/id.rb:225:in `context'
  GEM_HOME/gems/rack-1.5.2/lib/rack/session/abstract/id.rb:220:in `call'
  GEM_HOME/gems/actionpack-4.0.0/lib/action_dispatch/middleware/cookies.rb:486:in `call'
  GEM_HOME/gems/activerecord-4.0.0/lib/active_record/query_cache.rb:36:in `call'
  GEM_HOME/gems/activerecord-4.0.0/lib/active_record/connection_adapters/abstract/connection_pool.rb:626:in `call'
  GEM_HOME/gems/actionpack-4.0.0/lib/action_dispatch/middleware/callbacks.rb:29:in `block in call'
  GEM_HOME/gems/activesupport-4.0.0/lib/active_support/callbacks.rb:373:in `_run__204482599__call__callbacks'
  GEM_HOME/gems/activesupport-4.0.0/lib/active_support/callbacks.rb:80:in `run_callbacks'
  GEM_HOME/gems/actionpack-4.0.0/lib/action_dispatch/middleware/callbacks.rb:27:in `call'
  GEM_HOME/gems/actionpack-4.0.0/lib/action_dispatch/middleware/remote_ip.rb:76:in `call'
  GEM_HOME/gems/actionpack-4.0.0/lib/action_dispatch/middleware/debug_exceptions.rb:17:in `call'
  GEM_HOME/gems/actionpack-4.0.0/lib/action_dispatch/middleware/show_exceptions.rb:30:in `call'
  GEM_HOME/gems/railties-4.0.0/lib/rails/rack/logger.rb:38:in `call_app'
  GEM_HOME/gems/railties-4.0.0/lib/rails/rack/logger.rb:21:in `block in call'
  GEM_HOME/gems/activesupport-4.0.0/lib/active_support/tagged_logging.rb:67:in `block in tagged'
  GEM_HOME/gems/activesupport-4.0.0/lib/active_support/tagged_logging.rb:25:in `tagged'
  GEM_HOME/gems/activesupport-4.0.0/lib/active_support/tagged_logging.rb:67:in `tagged'
  GEM_HOME/gems/railties-4.0.0/lib/rails/rack/logger.rb:21:in `call'
  GEM_HOME/gems/actionpack-4.0.0/lib/action_dispatch/middleware/request_id.rb:21:in `call'
  GEM_HOME/gems/rack-1.5.2/lib/rack/methodoverride.rb:21:in `call'
  GEM_HOME/gems/rack-1.5.2/lib/rack/runtime.rb:17:in `call'
  GEM_HOME/gems/activesupport-4.0.0/lib/active_support/cache/strategy/local_cache.rb:83:in `call'
  GEM_HOME/gems/actionpack-4.0.0/lib/action_dispatch/middleware/static.rb:64:in `call'
  GEM_HOME/gems/railties-4.0.0/lib/rails/engine.rb:511:in `call'
  GEM_HOME/gems/railties-4.0.0/lib/rails/application.rb:97:in `call'
  GEM_HOME/gems/rack-1.5.2/lib/rack/builder.rb:138:in `call'
  GEM_HOME/gems/rack-1.5.2/lib/rack/urlmap.rb:65:in `block in call'
  GEM_HOME/gems/rack-1.5.2/lib/rack/urlmap.rb:50:in `each'
  GEM_HOME/gems/rack-1.5.2/lib/rack/urlmap.rb:50:in `call'
  C:/Zoo/Workers/ruby/lib/app.rb:65:in `call'
  C:/Zoo/Workers/ruby/lib/request.rb:54:in `serve'
  C:/Zoo/Workers/ruby/lib/worker.rb:42:in `handle_request'
  C:/Zoo/Workers/ruby/lib/worker.rb:36:in `process'
  C:/Zoo/Workers/ruby/lib/worker.rb:20:in `block in run'
  C:/Zoo/Workers/ruby/lib/worker.rb:20:in `loop'
  C:/Zoo/Workers/ruby/lib/worker.rb:20:in `run'
  C:/Zoo/Workers/ruby/zoorack.rb:30:in `<module:Zack>'
  C:/Zoo/Workers/ruby/zoorack.rb:12:in `<main>'


Started GET "/ssl_site/users/sign_in" for 10.246.130.31 at 2015-07-20 12:59:02 -0400
Processing by Devise::SessionsController#new as HTML
PG::UndefinedTable: ERROR:  relation "users" does not exist
LINE 5:                WHERE a.attrelid = '"users"'::regclass
                                          ^
:               SELECT a.attname, format_type(a.atttypid, a.atttypmod),
                     pg_get_expr(d.adbin, d.adrelid), a.attnotnull, a.atttypid, a.atttypmod
                FROM pg_attribute a LEFT JOIN pg_attrdef d
                  ON a.attrelid = d.adrelid AND a.attnum = d.adnum
               WHERE a.attrelid = '"users"'::regclass
                 AND a.attnum > 0 AND NOT a.attisdropped
               ORDER BY a.attnum

Completed 500 Internal Server Error in 0ms

ActiveRecord::StatementInvalid (PG::UndefinedTable: ERROR:  relation "users" does not exist
LINE 5:                WHERE a.attrelid = '"users"'::regclass
                                          ^
:               SELECT a.attname, format_type(a.atttypid, a.atttypmod),
                     pg_get_expr(d.adbin, d.adrelid), a.attnotnull, a.atttypid, a.atttypmod
                FROM pg_attribute a LEFT JOIN pg_attrdef d
                  ON a.attrelid = d.adrelid AND a.attnum = d.adnum
               WHERE a.attrelid = '"users"'::regclass
                 AND a.attnum > 0 AND NOT a.attisdropped
               ORDER BY a.attnum
):
  GEM_HOME/gems/activerecord-4.0.0/lib/active_record/connection_adapters/postgresql_adapter.rb:768:in `async_exec'
  GEM_HOME/gems/activerecord-4.0.0/lib/active_record/connection_adapters/postgresql_adapter.rb:768:in `exec_no_cache'
  GEM_HOME/gems/activerecord-4.0.0/lib/active_record/connection_adapters/postgresql/database_statements.rb:138:in `block in exec_query'
  GEM_HOME/gems/activerecord-4.0.0/lib/active_record/connection_adapters/abstract_adapter.rb:425:in `block in log'
  GEM_HOME/gems/activesupport-4.0.0/lib/active_support/notifications/instrumenter.rb:20:in `instrument'
  GEM_HOME/gems/activerecord-4.0.0/lib/active_record/connection_adapters/abstract_adapter.rb:420:in `log'
  GEM_HOME/gems/activerecord-4.0.0/lib/active_record/connection_adapters/postgresql/database_statements.rb:137:in `exec_query'
  GEM_HOME/gems/activerecord-4.0.0/lib/active_record/connection_adapters/postgresql_adapter.rb:915:in `column_definitions'
  GEM_HOME/gems/activerecord-4.0.0/lib/active_record/connection_adapters/postgresql/schema_statements.rb:174:in `columns'
  GEM_HOME/gems/activerecord-4.0.0/lib/active_record/connection_adapters/schema_cache.rb:114:in `block in prepare_default_proc'
  GEM_HOME/gems/activerecord-4.0.0/lib/active_record/connection_adapters/schema_cache.rb:56:in `yield'
  GEM_HOME/gems/activerecord-4.0.0/lib/active_record/connection_adapters/schema_cache.rb:56:in `default'
  GEM_HOME/gems/activerecord-4.0.0/lib/active_record/connection_adapters/schema_cache.rb:56:in `columns'
  GEM_HOME/gems/activerecord-4.0.0/lib/active_record/model_schema.rb:208:in `columns'
  GEM_HOME/gems/activerecord-4.0.0/lib/active_record/model_schema.rb:242:in `column_defaults'
  GEM_HOME/gems/activerecord-4.0.0/lib/active_record/locking/optimistic.rb:169:in `column_defaults'
  GEM_HOME/gems/activerecord-4.0.0/lib/active_record/core.rb:181:in `initialize'
  GEM_HOME/gems/activerecord-4.0.0/lib/active_record/inheritance.rb:27:in `new'
  GEM_HOME/gems/activerecord-4.0.0/lib/active_record/inheritance.rb:27:in `new'
  GEM_HOME/gems/devise-3.2.4/app/controllers/devise/sessions_controller.rb:8:in `new'
  GEM_HOME/gems/actionpack-4.0.0/lib/action_controller/metal/implicit_render.rb:4:in `send_action'
  GEM_HOME/gems/actionpack-4.0.0/lib/abstract_controller/base.rb:189:in `process_action'
  GEM_HOME/gems/actionpack-4.0.0/lib/action_controller/metal/rendering.rb:10:in `process_action'
  GEM_HOME/gems/actionpack-4.0.0/lib/abstract_controller/callbacks.rb:18:in `block in process_action'
  GEM_HOME/gems/activesupport-4.0.0/lib/active_support/callbacks.rb:443:in `_run__337958458__process_action__callbacks'
  GEM_HOME/gems/activesupport-4.0.0/lib/active_support/callbacks.rb:80:in `run_callbacks'
  GEM_HOME/gems/actionpack-4.0.0/lib/abstract_controller/callbacks.rb:17:in `process_action'
  GEM_HOME/gems/actionpack-4.0.0/lib/action_controller/metal/rescue.rb:29:in `process_action'
  GEM_HOME/gems/actionpack-4.0.0/lib/action_controller/metal/instrumentation.rb:31:in `block in process_action'
  GEM_HOME/gems/activesupport-4.0.0/lib/active_support/notifications.rb:159:in `block in instrument'
  GEM_HOME/gems/activesupport-4.0.0/lib/active_support/notifications/instrumenter.rb:20:in `instrument'
  GEM_HOME/gems/activesupport-4.0.0/lib/active_support/notifications.rb:159:in `instrument'
  GEM_HOME/gems/actionpack-4.0.0/lib/action_controller/metal/instrumentation.rb:30:in `process_action'
  GEM_HOME/gems/actionpack-4.0.0/lib/action_controller/metal/params_wrapper.rb:245:in `process_action'
  GEM_HOME/gems/activerecord-4.0.0/lib/active_record/railties/controller_runtime.rb:18:in `process_action'
  GEM_HOME/gems/actionpack-4.0.0/lib/abstract_controller/base.rb:136:in `process'
  GEM_HOME/gems/actionpack-4.0.0/lib/abstract_controller/rendering.rb:44:in `process'
  GEM_HOME/gems/actionpack-4.0.0/lib/action_controller/metal.rb:195:in `dispatch'
  GEM_HOME/gems/actionpack-4.0.0/lib/action_controller/metal/rack_delegation.rb:13:in `dispatch'
  GEM_HOME/gems/actionpack-4.0.0/lib/action_controller/metal.rb:231:in `block in action'
  GEM_HOME/gems/actionpack-4.0.0/lib/action_dispatch/routing/route_set.rb:80:in `call'
  GEM_HOME/gems/actionpack-4.0.0/lib/action_dispatch/routing/route_set.rb:80:in `dispatch'
  GEM_HOME/gems/actionpack-4.0.0/lib/action_dispatch/routing/route_set.rb:48:in `call'
  GEM_HOME/gems/actionpack-4.0.0/lib/action_dispatch/routing/mapper.rb:44:in `call'
  GEM_HOME/gems/actionpack-4.0.0/lib/action_dispatch/journey/router.rb:71:in `block in call'
  GEM_HOME/gems/actionpack-4.0.0/lib/action_dispatch/journey/router.rb:59:in `each'
  GEM_HOME/gems/actionpack-4.0.0/lib/action_dispatch/journey/router.rb:59:in `call'
  GEM_HOME/gems/actionpack-4.0.0/lib/action_dispatch/routing/route_set.rb:655:in `call'
  GEM_HOME/gems/warden-1.2.3/lib/warden/manager.rb:35:in `block in call'
  GEM_HOME/gems/warden-1.2.3/lib/warden/manager.rb:34:in `catch'
  GEM_HOME/gems/warden-1.2.3/lib/warden/manager.rb:34:in `call'
  GEM_HOME/gems/rack-1.5.2/lib/rack/etag.rb:23:in `call'
  GEM_HOME/gems/rack-1.5.2/lib/rack/conditionalget.rb:25:in `call'
  GEM_HOME/gems/rack-1.5.2/lib/rack/head.rb:11:in `call'
  GEM_HOME/gems/actionpack-4.0.0/lib/action_dispatch/middleware/params_parser.rb:27:in `call'
  GEM_HOME/gems/actionpack-4.0.0/lib/action_dispatch/middleware/flash.rb:241:in `call'
  GEM_HOME/gems/rack-1.5.2/lib/rack/session/abstract/id.rb:225:in `context'
  GEM_HOME/gems/rack-1.5.2/lib/rack/session/abstract/id.rb:220:in `call'
  GEM_HOME/gems/actionpack-4.0.0/lib/action_dispatch/middleware/cookies.rb:486:in `call'
  GEM_HOME/gems/activerecord-4.0.0/lib/active_record/query_cache.rb:36:in `call'
  GEM_HOME/gems/activerecord-4.0.0/lib/active_record/connection_adapters/abstract/connection_pool.rb:626:in `call'
  GEM_HOME/gems/actionpack-4.0.0/lib/action_dispatch/middleware/callbacks.rb:29:in `block in call'
  GEM_HOME/gems/activesupport-4.0.0/lib/active_support/callbacks.rb:373:in `_run__204482599__call__callbacks'
  GEM_HOME/gems/activesupport-4.0.0/lib/active_support/callbacks.rb:80:in `run_callbacks'
  GEM_HOME/gems/actionpack-4.0.0/lib/action_dispatch/middleware/callbacks.rb:27:in `call'
  GEM_HOME/gems/actionpack-4.0.0/lib/action_dispatch/middleware/remote_ip.rb:76:in `call'
  GEM_HOME/gems/actionpack-4.0.0/lib/action_dispatch/middleware/debug_exceptions.rb:17:in `call'
  GEM_HOME/gems/actionpack-4.0.0/lib/action_dispatch/middleware/show_exceptions.rb:30:in `call'
  GEM_HOME/gems/railties-4.0.0/lib/rails/rack/logger.rb:38:in `call_app'
  GEM_HOME/gems/railties-4.0.0/lib/rails/rack/logger.rb:21:in `block in call'
  GEM_HOME/gems/activesupport-4.0.0/lib/active_support/tagged_logging.rb:67:in `block in tagged'
  GEM_HOME/gems/activesupport-4.0.0/lib/active_support/tagged_logging.rb:25:in `tagged'
  GEM_HOME/gems/activesupport-4.0.0/lib/active_support/tagged_logging.rb:67:in `tagged'
  GEM_HOME/gems/railties-4.0.0/lib/rails/rack/logger.rb:21:in `call'
  GEM_HOME/gems/actionpack-4.0.0/lib/action_dispatch/middleware/request_id.rb:21:in `call'
  GEM_HOME/gems/rack-1.5.2/lib/rack/methodoverride.rb:21:in `call'
  GEM_HOME/gems/rack-1.5.2/lib/rack/runtime.rb:17:in `call'
  GEM_HOME/gems/activesupport-4.0.0/lib/active_support/cache/strategy/local_cache.rb:83:in `call'
  GEM_HOME/gems/actionpack-4.0.0/lib/action_dispatch/middleware/static.rb:64:in `call'
  GEM_HOME/gems/railties-4.0.0/lib/rails/engine.rb:511:in `call'
  GEM_HOME/gems/railties-4.0.0/lib/rails/application.rb:97:in `call'
  GEM_HOME/gems/rack-1.5.2/lib/rack/builder.rb:138:in `call'
  GEM_HOME/gems/rack-1.5.2/lib/rack/urlmap.rb:65:in `block in call'
  GEM_HOME/gems/rack-1.5.2/lib/rack/urlmap.rb:50:in `each'
  GEM_HOME/gems/rack-1.5.2/lib/rack/urlmap.rb:50:in `call'
  C:/Zoo/Workers/ruby/lib/app.rb:65:in `call'
  C:/Zoo/Workers/ruby/lib/request.rb:54:in `serve'
  C:/Zoo/Workers/ruby/lib/worker.rb:42:in `handle_request'
  C:/Zoo/Workers/ruby/lib/worker.rb:36:in `process'
  C:/Zoo/Workers/ruby/lib/worker.rb:20:in `block in run'
  C:/Zoo/Workers/ruby/lib/worker.rb:20:in `loop'
  C:/Zoo/Workers/ruby/lib/worker.rb:20:in `run'
  C:/Zoo/Workers/ruby/zoorack.rb:30:in `<module:Zack>'
  C:/Zoo/Workers/ruby/zoorack.rb:12:in `<main>'


Started GET "/ssl_site/" for 10.246.130.31 at 2015-07-20 13:00:04 -0400
Processing by SslController#index as HTML
index ssl 3
  Rendered ssl/_ssl_search.html.erb (0.0ms)
  Rendered ssl/index.html.erb within layouts/application (0.0ms)
  Rendered layouts/_ssl_nav.html.erb (0.0ms)
Completed 200 OK in 0ms (Views: 0.0ms | ActiveRecord: 0.0ms)
Started GET "/ssl_site/doc" for 10.246.130.31 at 2015-07-20 13:00:08 -0400
Processing by DocController#index as HTML
filters, line 159
  Rendered doc/_doc_table_body.html.erb (0.0ms)
  Rendered doc/index.html.erb within layouts/application (0.0ms)
  Rendered layouts/_ssl_nav.html.erb (15.6ms)
Completed 200 OK in 374ms (Views: 15.6ms | ActiveRecord: 0.0ms)
Started GET "/ssl_site/doc?utf8=%E2%9C%93&title=&author=sylvain&keywords=&commit=Search" for 10.246.130.31 at 2015-07-20 13:00:54 -0400
Processing by DocController#index as HTML
  Parameters: {"utf8"=>"✓", "title"=>"", "author"=>"sylvain", "keywords"=>"", "commit"=>"Search"}
filters, line 159
  Rendered doc/_doc_table_body.html.erb (0.0ms)
  Rendered doc/index.html.erb within layouts/application (0.0ms)
  Rendered layouts/_ssl_nav.html.erb (0.0ms)
Completed 200 OK in 3463ms (Views: 0.0ms | ActiveRecord: 0.0ms)
Started GET "/ssl_site/users/sign_in" for 10.246.130.31 at 2015-07-20 13:01:09 -0400
Processing by Devise::SessionsController#new as HTML
PG::UndefinedTable: ERROR:  relation "users" does not exist
LINE 5:                WHERE a.attrelid = '"users"'::regclass
                                          ^
:               SELECT a.attname, format_type(a.atttypid, a.atttypmod),
                     pg_get_expr(d.adbin, d.adrelid), a.attnotnull, a.atttypid, a.atttypmod
                FROM pg_attribute a LEFT JOIN pg_attrdef d
                  ON a.attrelid = d.adrelid AND a.attnum = d.adnum
               WHERE a.attrelid = '"users"'::regclass
                 AND a.attnum > 0 AND NOT a.attisdropped
               ORDER BY a.attnum

Completed 500 Internal Server Error in 0ms

ActiveRecord::StatementInvalid (PG::UndefinedTable: ERROR:  relation "users" does not exist
LINE 5:                WHERE a.attrelid = '"users"'::regclass
                                          ^
:               SELECT a.attname, format_type(a.atttypid, a.atttypmod),
                     pg_get_expr(d.adbin, d.adrelid), a.attnotnull, a.atttypid, a.atttypmod
                FROM pg_attribute a LEFT JOIN pg_attrdef d
                  ON a.attrelid = d.adrelid AND a.attnum = d.adnum
               WHERE a.attrelid = '"users"'::regclass
                 AND a.attnum > 0 AND NOT a.attisdropped
               ORDER BY a.attnum
):
  GEM_HOME/gems/activerecord-4.0.0/lib/active_record/connection_adapters/postgresql_adapter.rb:768:in `async_exec'
  GEM_HOME/gems/activerecord-4.0.0/lib/active_record/connection_adapters/postgresql_adapter.rb:768:in `exec_no_cache'
  GEM_HOME/gems/activerecord-4.0.0/lib/active_record/connection_adapters/postgresql/database_statements.rb:138:in `block in exec_query'
  GEM_HOME/gems/activerecord-4.0.0/lib/active_record/connection_adapters/abstract_adapter.rb:425:in `block in log'
  GEM_HOME/gems/activesupport-4.0.0/lib/active_support/notifications/instrumenter.rb:20:in `instrument'
  GEM_HOME/gems/activerecord-4.0.0/lib/active_record/connection_adapters/abstract_adapter.rb:420:in `log'
  GEM_HOME/gems/activerecord-4.0.0/lib/active_record/connection_adapters/postgresql/database_statements.rb:137:in `exec_query'
  GEM_HOME/gems/activerecord-4.0.0/lib/active_record/connection_adapters/postgresql_adapter.rb:915:in `column_definitions'
  GEM_HOME/gems/activerecord-4.0.0/lib/active_record/connection_adapters/postgresql/schema_statements.rb:174:in `columns'
  GEM_HOME/gems/activerecord-4.0.0/lib/active_record/connection_adapters/schema_cache.rb:114:in `block in prepare_default_proc'
  GEM_HOME/gems/activerecord-4.0.0/lib/active_record/connection_adapters/schema_cache.rb:56:in `yield'
  GEM_HOME/gems/activerecord-4.0.0/lib/active_record/connection_adapters/schema_cache.rb:56:in `default'
  GEM_HOME/gems/activerecord-4.0.0/lib/active_record/connection_adapters/schema_cache.rb:56:in `columns'
  GEM_HOME/gems/activerecord-4.0.0/lib/active_record/model_schema.rb:208:in `columns'
  GEM_HOME/gems/activerecord-4.0.0/lib/active_record/model_schema.rb:242:in `column_defaults'
  GEM_HOME/gems/activerecord-4.0.0/lib/active_record/locking/optimistic.rb:169:in `column_defaults'
  GEM_HOME/gems/activerecord-4.0.0/lib/active_record/core.rb:181:in `initialize'
  GEM_HOME/gems/activerecord-4.0.0/lib/active_record/inheritance.rb:27:in `new'
  GEM_HOME/gems/activerecord-4.0.0/lib/active_record/inheritance.rb:27:in `new'
  GEM_HOME/gems/devise-3.2.4/app/controllers/devise/sessions_controller.rb:8:in `new'
  GEM_HOME/gems/actionpack-4.0.0/lib/action_controller/metal/implicit_render.rb:4:in `send_action'
  GEM_HOME/gems/actionpack-4.0.0/lib/abstract_controller/base.rb:189:in `process_action'
  GEM_HOME/gems/actionpack-4.0.0/lib/action_controller/metal/rendering.rb:10:in `process_action'
  GEM_HOME/gems/actionpack-4.0.0/lib/abstract_controller/callbacks.rb:18:in `block in process_action'
  GEM_HOME/gems/activesupport-4.0.0/lib/active_support/callbacks.rb:443:in `_run__337958458__process_action__callbacks'
  GEM_HOME/gems/activesupport-4.0.0/lib/active_support/callbacks.rb:80:in `run_callbacks'
  GEM_HOME/gems/actionpack-4.0.0/lib/abstract_controller/callbacks.rb:17:in `process_action'
  GEM_HOME/gems/actionpack-4.0.0/lib/action_controller/metal/rescue.rb:29:in `process_action'
  GEM_HOME/gems/actionpack-4.0.0/lib/action_controller/metal/instrumentation.rb:31:in `block in process_action'
  GEM_HOME/gems/activesupport-4.0.0/lib/active_support/notifications.rb:159:in `block in instrument'
  GEM_HOME/gems/activesupport-4.0.0/lib/active_support/notifications/instrumenter.rb:20:in `instrument'
  GEM_HOME/gems/activesupport-4.0.0/lib/active_support/notifications.rb:159:in `instrument'
  GEM_HOME/gems/actionpack-4.0.0/lib/action_controller/metal/instrumentation.rb:30:in `process_action'
  GEM_HOME/gems/actionpack-4.0.0/lib/action_controller/metal/params_wrapper.rb:245:in `process_action'
  GEM_HOME/gems/activerecord-4.0.0/lib/active_record/railties/controller_runtime.rb:18:in `process_action'
  GEM_HOME/gems/actionpack-4.0.0/lib/abstract_controller/base.rb:136:in `process'
  GEM_HOME/gems/actionpack-4.0.0/lib/abstract_controller/rendering.rb:44:in `process'
  GEM_HOME/gems/actionpack-4.0.0/lib/action_controller/metal.rb:195:in `dispatch'
  GEM_HOME/gems/actionpack-4.0.0/lib/action_controller/metal/rack_delegation.rb:13:in `dispatch'
  GEM_HOME/gems/actionpack-4.0.0/lib/action_controller/metal.rb:231:in `block in action'
  GEM_HOME/gems/actionpack-4.0.0/lib/action_dispatch/routing/route_set.rb:80:in `call'
  GEM_HOME/gems/actionpack-4.0.0/lib/action_dispatch/routing/route_set.rb:80:in `dispatch'
  GEM_HOME/gems/actionpack-4.0.0/lib/action_dispatch/routing/route_set.rb:48:in `call'
  GEM_HOME/gems/actionpack-4.0.0/lib/action_dispatch/routing/mapper.rb:44:in `call'
  GEM_HOME/gems/actionpack-4.0.0/lib/action_dispatch/journey/router.rb:71:in `block in call'
  GEM_HOME/gems/actionpack-4.0.0/lib/action_dispatch/journey/router.rb:59:in `each'
  GEM_HOME/gems/actionpack-4.0.0/lib/action_dispatch/journey/router.rb:59:in `call'
  GEM_HOME/gems/actionpack-4.0.0/lib/action_dispatch/routing/route_set.rb:655:in `call'
  GEM_HOME/gems/warden-1.2.3/lib/warden/manager.rb:35:in `block in call'
  GEM_HOME/gems/warden-1.2.3/lib/warden/manager.rb:34:in `catch'
  GEM_HOME/gems/warden-1.2.3/lib/warden/manager.rb:34:in `call'
  GEM_HOME/gems/rack-1.5.2/lib/rack/etag.rb:23:in `call'
  GEM_HOME/gems/rack-1.5.2/lib/rack/conditionalget.rb:25:in `call'
  GEM_HOME/gems/rack-1.5.2/lib/rack/head.rb:11:in `call'
  GEM_HOME/gems/actionpack-4.0.0/lib/action_dispatch/middleware/params_parser.rb:27:in `call'
  GEM_HOME/gems/actionpack-4.0.0/lib/action_dispatch/middleware/flash.rb:241:in `call'
  GEM_HOME/gems/rack-1.5.2/lib/rack/session/abstract/id.rb:225:in `context'
  GEM_HOME/gems/rack-1.5.2/lib/rack/session/abstract/id.rb:220:in `call'
  GEM_HOME/gems/actionpack-4.0.0/lib/action_dispatch/middleware/cookies.rb:486:in `call'
  GEM_HOME/gems/activerecord-4.0.0/lib/active_record/query_cache.rb:36:in `call'
  GEM_HOME/gems/activerecord-4.0.0/lib/active_record/connection_adapters/abstract/connection_pool.rb:626:in `call'
  GEM_HOME/gems/actionpack-4.0.0/lib/action_dispatch/middleware/callbacks.rb:29:in `block in call'
  GEM_HOME/gems/activesupport-4.0.0/lib/active_support/callbacks.rb:373:in `_run__204482599__call__callbacks'
  GEM_HOME/gems/activesupport-4.0.0/lib/active_support/callbacks.rb:80:in `run_callbacks'
  GEM_HOME/gems/actionpack-4.0.0/lib/action_dispatch/middleware/callbacks.rb:27:in `call'
  GEM_HOME/gems/actionpack-4.0.0/lib/action_dispatch/middleware/remote_ip.rb:76:in `call'
  GEM_HOME/gems/actionpack-4.0.0/lib/action_dispatch/middleware/debug_exceptions.rb:17:in `call'
  GEM_HOME/gems/actionpack-4.0.0/lib/action_dispatch/middleware/show_exceptions.rb:30:in `call'
  GEM_HOME/gems/railties-4.0.0/lib/rails/rack/logger.rb:38:in `call_app'
  GEM_HOME/gems/railties-4.0.0/lib/rails/rack/logger.rb:21:in `block in call'
  GEM_HOME/gems/activesupport-4.0.0/lib/active_support/tagged_logging.rb:67:in `block in tagged'
  GEM_HOME/gems/activesupport-4.0.0/lib/active_support/tagged_logging.rb:25:in `tagged'
  GEM_HOME/gems/activesupport-4.0.0/lib/active_support/tagged_logging.rb:67:in `tagged'
  GEM_HOME/gems/railties-4.0.0/lib/rails/rack/logger.rb:21:in `call'
  GEM_HOME/gems/actionpack-4.0.0/lib/action_dispatch/middleware/request_id.rb:21:in `call'
  GEM_HOME/gems/rack-1.5.2/lib/rack/methodoverride.rb:21:in `call'
  GEM_HOME/gems/rack-1.5.2/lib/rack/runtime.rb:17:in `call'
  GEM_HOME/gems/activesupport-4.0.0/lib/active_support/cache/strategy/local_cache.rb:83:in `call'
  GEM_HOME/gems/actionpack-4.0.0/lib/action_dispatch/middleware/static.rb:64:in `call'
  GEM_HOME/gems/railties-4.0.0/lib/rails/engine.rb:511:in `call'
  GEM_HOME/gems/railties-4.0.0/lib/rails/application.rb:97:in `call'
  GEM_HOME/gems/rack-1.5.2/lib/rack/builder.rb:138:in `call'
  GEM_HOME/gems/rack-1.5.2/lib/rack/urlmap.rb:65:in `block in call'
  GEM_HOME/gems/rack-1.5.2/lib/rack/urlmap.rb:50:in `each'
  GEM_HOME/gems/rack-1.5.2/lib/rack/urlmap.rb:50:in `call'
  C:/Zoo/Workers/ruby/lib/app.rb:65:in `call'
  C:/Zoo/Workers/ruby/lib/request.rb:54:in `serve'
  C:/Zoo/Workers/ruby/lib/worker.rb:42:in `handle_request'
  C:/Zoo/Workers/ruby/lib/worker.rb:36:in `process'
  C:/Zoo/Workers/ruby/lib/worker.rb:20:in `block in run'
  C:/Zoo/Workers/ruby/lib/worker.rb:20:in `loop'
  C:/Zoo/Workers/ruby/lib/worker.rb:20:in `run'
  C:/Zoo/Workers/ruby/zoorack.rb:30:in `<module:Zack>'
  C:/Zoo/Workers/ruby/zoorack.rb:12:in `<main>'


Started GET "/ssl_site/users/sign_in" for 10.246.130.31 at 2015-07-20 13:01:09 -0400
Processing by Devise::SessionsController#new as HTML
PG::UndefinedTable: ERROR:  relation "users" does not exist
LINE 5:                WHERE a.attrelid = '"users"'::regclass
                                          ^
:               SELECT a.attname, format_type(a.atttypid, a.atttypmod),
                     pg_get_expr(d.adbin, d.adrelid), a.attnotnull, a.atttypid, a.atttypmod
                FROM pg_attribute a LEFT JOIN pg_attrdef d
                  ON a.attrelid = d.adrelid AND a.attnum = d.adnum
               WHERE a.attrelid = '"users"'::regclass
                 AND a.attnum > 0 AND NOT a.attisdropped
               ORDER BY a.attnum

Completed 500 Internal Server Error in 0ms

ActiveRecord::StatementInvalid (PG::UndefinedTable: ERROR:  relation "users" does not exist
LINE 5:                WHERE a.attrelid = '"users"'::regclass
                                          ^
:               SELECT a.attname, format_type(a.atttypid, a.atttypmod),
                     pg_get_expr(d.adbin, d.adrelid), a.attnotnull, a.atttypid, a.atttypmod
                FROM pg_attribute a LEFT JOIN pg_attrdef d
                  ON a.attrelid = d.adrelid AND a.attnum = d.adnum
               WHERE a.attrelid = '"users"'::regclass
                 AND a.attnum > 0 AND NOT a.attisdropped
               ORDER BY a.attnum
):
  GEM_HOME/gems/activerecord-4.0.0/lib/active_record/connection_adapters/postgresql_adapter.rb:768:in `async_exec'
  GEM_HOME/gems/activerecord-4.0.0/lib/active_record/connection_adapters/postgresql_adapter.rb:768:in `exec_no_cache'
  GEM_HOME/gems/activerecord-4.0.0/lib/active_record/connection_adapters/postgresql/database_statements.rb:138:in `block in exec_query'
  GEM_HOME/gems/activerecord-4.0.0/lib/active_record/connection_adapters/abstract_adapter.rb:425:in `block in log'
  GEM_HOME/gems/activesupport-4.0.0/lib/active_support/notifications/instrumenter.rb:20:in `instrument'
  GEM_HOME/gems/activerecord-4.0.0/lib/active_record/connection_adapters/abstract_adapter.rb:420:in `log'
  GEM_HOME/gems/activerecord-4.0.0/lib/active_record/connection_adapters/postgresql/database_statements.rb:137:in `exec_query'
  GEM_HOME/gems/activerecord-4.0.0/lib/active_record/connection_adapters/postgresql_adapter.rb:915:in `column_definitions'
  GEM_HOME/gems/activerecord-4.0.0/lib/active_record/connection_adapters/postgresql/schema_statements.rb:174:in `columns'
  GEM_HOME/gems/activerecord-4.0.0/lib/active_record/connection_adapters/schema_cache.rb:114:in `block in prepare_default_proc'
  GEM_HOME/gems/activerecord-4.0.0/lib/active_record/connection_adapters/schema_cache.rb:56:in `yield'
  GEM_HOME/gems/activerecord-4.0.0/lib/active_record/connection_adapters/schema_cache.rb:56:in `default'
  GEM_HOME/gems/activerecord-4.0.0/lib/active_record/connection_adapters/schema_cache.rb:56:in `columns'
  GEM_HOME/gems/activerecord-4.0.0/lib/active_record/model_schema.rb:208:in `columns'
  GEM_HOME/gems/activerecord-4.0.0/lib/active_record/model_schema.rb:242:in `column_defaults'
  GEM_HOME/gems/activerecord-4.0.0/lib/active_record/locking/optimistic.rb:169:in `column_defaults'
  GEM_HOME/gems/activerecord-4.0.0/lib/active_record/core.rb:181:in `initialize'
  GEM_HOME/gems/activerecord-4.0.0/lib/active_record/inheritance.rb:27:in `new'
  GEM_HOME/gems/activerecord-4.0.0/lib/active_record/inheritance.rb:27:in `new'
  GEM_HOME/gems/devise-3.2.4/app/controllers/devise/sessions_controller.rb:8:in `new'
  GEM_HOME/gems/actionpack-4.0.0/lib/action_controller/metal/implicit_render.rb:4:in `send_action'
  GEM_HOME/gems/actionpack-4.0.0/lib/abstract_controller/base.rb:189:in `process_action'
  GEM_HOME/gems/actionpack-4.0.0/lib/action_controller/metal/rendering.rb:10:in `process_action'
  GEM_HOME/gems/actionpack-4.0.0/lib/abstract_controller/callbacks.rb:18:in `block in process_action'
  GEM_HOME/gems/activesupport-4.0.0/lib/active_support/callbacks.rb:443:in `_run__337958458__process_action__callbacks'
  GEM_HOME/gems/activesupport-4.0.0/lib/active_support/callbacks.rb:80:in `run_callbacks'
  GEM_HOME/gems/actionpack-4.0.0/lib/abstract_controller/callbacks.rb:17:in `process_action'
  GEM_HOME/gems/actionpack-4.0.0/lib/action_controller/metal/rescue.rb:29:in `process_action'
  GEM_HOME/gems/actionpack-4.0.0/lib/action_controller/metal/instrumentation.rb:31:in `block in process_action'
  GEM_HOME/gems/activesupport-4.0.0/lib/active_support/notifications.rb:159:in `block in instrument'
  GEM_HOME/gems/activesupport-4.0.0/lib/active_support/notifications/instrumenter.rb:20:in `instrument'
  GEM_HOME/gems/activesupport-4.0.0/lib/active_support/notifications.rb:159:in `instrument'
  GEM_HOME/gems/actionpack-4.0.0/lib/action_controller/metal/instrumentation.rb:30:in `process_action'
  GEM_HOME/gems/actionpack-4.0.0/lib/action_controller/metal/params_wrapper.rb:245:in `process_action'
  GEM_HOME/gems/activerecord-4.0.0/lib/active_record/railties/controller_runtime.rb:18:in `process_action'
  GEM_HOME/gems/actionpack-4.0.0/lib/abstract_controller/base.rb:136:in `process'
  GEM_HOME/gems/actionpack-4.0.0/lib/abstract_controller/rendering.rb:44:in `process'
  GEM_HOME/gems/actionpack-4.0.0/lib/action_controller/metal.rb:195:in `dispatch'
  GEM_HOME/gems/actionpack-4.0.0/lib/action_controller/metal/rack_delegation.rb:13:in `dispatch'
  GEM_HOME/gems/actionpack-4.0.0/lib/action_controller/metal.rb:231:in `block in action'
  GEM_HOME/gems/actionpack-4.0.0/lib/action_dispatch/routing/route_set.rb:80:in `call'
  GEM_HOME/gems/actionpack-4.0.0/lib/action_dispatch/routing/route_set.rb:80:in `dispatch'
  GEM_HOME/gems/actionpack-4.0.0/lib/action_dispatch/routing/route_set.rb:48:in `call'
  GEM_HOME/gems/actionpack-4.0.0/lib/action_dispatch/routing/mapper.rb:44:in `call'
  GEM_HOME/gems/actionpack-4.0.0/lib/action_dispatch/journey/router.rb:71:in `block in call'
  GEM_HOME/gems/actionpack-4.0.0/lib/action_dispatch/journey/router.rb:59:in `each'
  GEM_HOME/gems/actionpack-4.0.0/lib/action_dispatch/journey/router.rb:59:in `call'
  GEM_HOME/gems/actionpack-4.0.0/lib/action_dispatch/routing/route_set.rb:655:in `call'
  GEM_HOME/gems/warden-1.2.3/lib/warden/manager.rb:35:in `block in call'
  GEM_HOME/gems/warden-1.2.3/lib/warden/manager.rb:34:in `catch'
  GEM_HOME/gems/warden-1.2.3/lib/warden/manager.rb:34:in `call'
  GEM_HOME/gems/rack-1.5.2/lib/rack/etag.rb:23:in `call'
  GEM_HOME/gems/rack-1.5.2/lib/rack/conditionalget.rb:25:in `call'
  GEM_HOME/gems/rack-1.5.2/lib/rack/head.rb:11:in `call'
  GEM_HOME/gems/actionpack-4.0.0/lib/action_dispatch/middleware/params_parser.rb:27:in `call'
  GEM_HOME/gems/actionpack-4.0.0/lib/action_dispatch/middleware/flash.rb:241:in `call'
  GEM_HOME/gems/rack-1.5.2/lib/rack/session/abstract/id.rb:225:in `context'
  GEM_HOME/gems/rack-1.5.2/lib/rack/session/abstract/id.rb:220:in `call'
  GEM_HOME/gems/actionpack-4.0.0/lib/action_dispatch/middleware/cookies.rb:486:in `call'
  GEM_HOME/gems/activerecord-4.0.0/lib/active_record/query_cache.rb:36:in `call'
  GEM_HOME/gems/activerecord-4.0.0/lib/active_record/connection_adapters/abstract/connection_pool.rb:626:in `call'
  GEM_HOME/gems/actionpack-4.0.0/lib/action_dispatch/middleware/callbacks.rb:29:in `block in call'
  GEM_HOME/gems/activesupport-4.0.0/lib/active_support/callbacks.rb:373:in `_run__204482599__call__callbacks'
  GEM_HOME/gems/activesupport-4.0.0/lib/active_support/callbacks.rb:80:in `run_callbacks'
  GEM_HOME/gems/actionpack-4.0.0/lib/action_dispatch/middleware/callbacks.rb:27:in `call'
  GEM_HOME/gems/actionpack-4.0.0/lib/action_dispatch/middleware/remote_ip.rb:76:in `call'
  GEM_HOME/gems/actionpack-4.0.0/lib/action_dispatch/middleware/debug_exceptions.rb:17:in `call'
  GEM_HOME/gems/actionpack-4.0.0/lib/action_dispatch/middleware/show_exceptions.rb:30:in `call'
  GEM_HOME/gems/railties-4.0.0/lib/rails/rack/logger.rb:38:in `call_app'
  GEM_HOME/gems/railties-4.0.0/lib/rails/rack/logger.rb:21:in `block in call'
  GEM_HOME/gems/activesupport-4.0.0/lib/active_support/tagged_logging.rb:67:in `block in tagged'
  GEM_HOME/gems/activesupport-4.0.0/lib/active_support/tagged_logging.rb:25:in `tagged'
  GEM_HOME/gems/activesupport-4.0.0/lib/active_support/tagged_logging.rb:67:in `tagged'
  GEM_HOME/gems/railties-4.0.0/lib/rails/rack/logger.rb:21:in `call'
  GEM_HOME/gems/actionpack-4.0.0/lib/action_dispatch/middleware/request_id.rb:21:in `call'
  GEM_HOME/gems/rack-1.5.2/lib/rack/methodoverride.rb:21:in `call'
  GEM_HOME/gems/rack-1.5.2/lib/rack/runtime.rb:17:in `call'
  GEM_HOME/gems/activesupport-4.0.0/lib/active_support/cache/strategy/local_cache.rb:83:in `call'
  GEM_HOME/gems/actionpack-4.0.0/lib/action_dispatch/middleware/static.rb:64:in `call'
  GEM_HOME/gems/railties-4.0.0/lib/rails/engine.rb:511:in `call'
  GEM_HOME/gems/railties-4.0.0/lib/rails/application.rb:97:in `call'
  GEM_HOME/gems/rack-1.5.2/lib/rack/builder.rb:138:in `call'
  GEM_HOME/gems/rack-1.5.2/lib/rack/urlmap.rb:65:in `block in call'
  GEM_HOME/gems/rack-1.5.2/lib/rack/urlmap.rb:50:in `each'
  GEM_HOME/gems/rack-1.5.2/lib/rack/urlmap.rb:50:in `call'
  C:/Zoo/Workers/ruby/lib/app.rb:65:in `call'
  C:/Zoo/Workers/ruby/lib/request.rb:54:in `serve'
  C:/Zoo/Workers/ruby/lib/worker.rb:42:in `handle_request'
  C:/Zoo/Workers/ruby/lib/worker.rb:36:in `process'
  C:/Zoo/Workers/ruby/lib/worker.rb:20:in `block in run'
  C:/Zoo/Workers/ruby/lib/worker.rb:20:in `loop'
  C:/Zoo/Workers/ruby/lib/worker.rb:20:in `run'
  C:/Zoo/Workers/ruby/zoorack.rb:30:in `<module:Zack>'
  C:/Zoo/Workers/ruby/zoorack.rb:12:in `<main>'


Started GET "/ssl_site/doc" for 10.246.130.31 at 2015-07-20 13:02:52 -0400
Processing by DocController#index as HTML
filters, line 159
  Rendered doc/_doc_table_body.html.erb (0.0ms)
  Rendered doc/index.html.erb within layouts/application (0.0ms)
  Rendered layouts/_ssl_nav.html.erb (15.6ms)
Completed 200 OK in 390ms (Views: 15.6ms | ActiveRecord: 0.0ms)
Started GET "/ssl_site/doc" for 10.246.130.31 at 2015-07-20 13:02:53 -0400
Processing by DocController#index as HTML
filters, line 159
  Rendered doc/_doc_table_body.html.erb (0.0ms)
  Rendered doc/index.html.erb within layouts/application (0.0ms)
  Rendered layouts/_ssl_nav.html.erb (15.6ms)
Completed 200 OK in 390ms (Views: 15.6ms | ActiveRecord: 0.0ms)
Started GET "/ssl_site/doc?page=2" for 10.246.130.31 at 2015-07-20 13:03:02 -0400
Processing by DocController#index as HTML
  Parameters: {"page"=>"2"}
filters, line 159
  Rendered doc/_doc_table_body.html.erb (0.0ms)
  Rendered doc/index.html.erb within layouts/application (0.0ms)
  Rendered layouts/_ssl_nav.html.erb (0.0ms)
Completed 200 OK in 374ms (Views: 15.6ms | ActiveRecord: 0.0ms)
Started GET "/ssl_site/ssl/about" for 10.246.130.31 at 2015-07-20 13:03:06 -0400
Processing by SslController#about as HTML
  Rendered ssl/about.html.erb within layouts/application (0.0ms)
  Rendered layouts/_ssl_nav.html.erb (15.6ms)
Completed 200 OK in 16ms (Views: 15.6ms | ActiveRecord: 0.0ms)
Started GET "/ssl_site/" for 10.246.130.31 at 2015-07-20 13:03:08 -0400
Processing by SslController#index as HTML
index ssl 3
  Rendered ssl/_ssl_search.html.erb (0.0ms)
  Rendered ssl/index.html.erb within layouts/application (0.0ms)
  Rendered layouts/_ssl_nav.html.erb (0.0ms)
Completed 200 OK in 0ms (Views: 0.0ms | ActiveRecord: 0.0ms)
Started GET "/ssl_site/doc?utf8=%E2%9C%93&title=&author=&isbn=&disciplines=&keywords=oil&publisher=&commit=Search" for 10.246.130.31 at 2015-07-20 13:03:30 -0400
Processing by DocController#index as HTML
  Parameters: {"utf8"=>"✓", "title"=>"", "author"=>"", "isbn"=>"", "disciplines"=>"", "keywords"=>"oil", "publisher"=>"", "commit"=>"Search"}
filters, line 159
  Rendered doc/_doc_table_body.html.erb (15.6ms)
  Rendered doc/index.html.erb within layouts/application (15.6ms)
  Rendered layouts/_ssl_nav.html.erb (0.0ms)
Completed 200 OK in 390ms (Views: 15.6ms | ActiveRecord: 0.0ms)
Started GET "/ssl_site/" for 10.246.130.31 at 2015-07-20 13:03:41 -0400
Processing by SslController#index as HTML
index ssl 3
  Rendered ssl/_ssl_search.html.erb (0.0ms)
  Rendered ssl/index.html.erb within layouts/application (0.0ms)
  Rendered layouts/_ssl_nav.html.erb (0.0ms)
Completed 200 OK in 0ms (Views: 0.0ms | ActiveRecord: 0.0ms)
Started GET "/ssl_site/doc?utf8=%E2%9C%93&title=&author=sylvain&isbn=&disciplines=&keywords=&publisher=&commit=Search" for 10.246.130.31 at 2015-07-20 13:08:25 -0400
Processing by DocController#index as HTML
  Parameters: {"utf8"=>"✓", "title"=>"", "author"=>"sylvain", "isbn"=>"", "disciplines"=>"", "keywords"=>"", "publisher"=>"", "commit"=>"Search"}
filters, line 159
  Rendered doc/_doc_table_body.html.erb (0.0ms)
  Rendered doc/index.html.erb within layouts/application (0.0ms)
  Rendered layouts/_ssl_nav.html.erb (0.0ms)
Completed 200 OK in 230ms (Views: 0.0ms | ActiveRecord: 0.0ms)
Started GET "/ssl_site/" for 10.246.130.31 at 2015-07-20 13:10:37 -0400
Processing by SslController#index as HTML
index ssl 3
  Rendered ssl/_ssl_search.html.erb (0.0ms)
  Rendered ssl/index.html.erb within layouts/application (0.0ms)
  Rendered layouts/_ssl_nav.html.erb (0.0ms)
Completed 200 OK in 0ms (Views: 0.0ms | ActiveRecord: 0.0ms)
[tid-7916868] end of file reached (EOFError)
	C:/Zoo/Workers/ruby/lib/worker.rb:26:in `readpartial'
	C:/Zoo/Workers/ruby/lib/worker.rb:26:in `process'
	C:/Zoo/Workers/ruby/lib/worker.rb:20:in `block in run'
	C:/Zoo/Workers/ruby/lib/worker.rb:20:in `loop'
	C:/Zoo/Workers/ruby/lib/worker.rb:20:in `run'
	C:/Zoo/Workers/ruby/zoorack.rb:30:in `<module:Zack>'
	C:/Zoo/Workers/ruby/zoorack.rb:12:in `<main>'
