Started GET "/ssl_site/" for 10.246.130.31 at 2015-07-22 09:23:05 -0400
Processing by SslController#index as HTML
index ssl 3
  Rendered ssl/_ssl_search.html.erb (0.0ms)
  Rendered ssl/index.html.erb within layouts/application (0.0ms)
  Rendered layouts/_ssl_nav.html.erb (15.6ms)
Completed 200 OK in 62ms (Views: 31.2ms | ActiveRecord: 0.0ms)
Started GET "/ssl_site/" for 10.246.130.31 at 2015-07-22 09:25:12 -0400
Processing by SslController#index as HTML
index ssl 3
  Rendered ssl/_ssl_search.html.erb (15.6ms)
  Rendered ssl/index.html.erb within layouts/application (15.6ms)
  Rendered layouts/_ssl_nav.html.erb (0.0ms)
Completed 200 OK in 16ms (Views: 15.6ms | ActiveRecord: 0.0ms)
Started GET "/ssl_site/doc" for 10.246.130.31 at 2015-07-22 09:25:15 -0400
Processing by DocController#index as HTML
filters, line 159
  Rendered doc/_doc_table_body.html.erb (15.6ms)
  Rendered doc/index.html.erb within layouts/application (218.4ms)
  Rendered layouts/_ssl_nav.html.erb (15.6ms)
Completed 200 OK in 671ms (Views: 249.6ms | ActiveRecord: 0.0ms)
Started GET "/ssl_site/doc?page=2" for 10.246.130.31 at 2015-07-22 09:25:17 -0400
Processing by DocController#index as HTML
  Parameters: {"page"=>"2"}
filters, line 159
  Rendered doc/_doc_table_body.html.erb (0.0ms)
  Rendered doc/index.html.erb within layouts/application (15.6ms)
  Rendered layouts/_ssl_nav.html.erb (0.0ms)
Completed 200 OK in 416ms (Views: 46.8ms | ActiveRecord: 0.0ms)
Started GET "/ssl_site/doc?page=3" for 10.246.130.31 at 2015-07-22 09:25:19 -0400
Processing by DocController#index as HTML
  Parameters: {"page"=>"3"}
filters, line 159
  Rendered doc/_doc_table_body.html.erb (0.0ms)
  Rendered doc/index.html.erb within layouts/application (0.0ms)
  Rendered layouts/_ssl_nav.html.erb (15.6ms)
Completed 200 OK in 359ms (Views: 15.6ms | ActiveRecord: 0.0ms)
Started GET "/ssl_site/doc?page=4" for 10.246.130.31 at 2015-07-22 09:25:21 -0400
Processing by DocController#index as HTML
  Parameters: {"page"=>"4"}
filters, line 159
  Rendered doc/_doc_table_body.html.erb (0.0ms)
  Rendered doc/index.html.erb within layouts/application (15.6ms)
  Rendered layouts/_ssl_nav.html.erb (0.0ms)
Completed 200 OK in 359ms (Views: 15.6ms | ActiveRecord: 0.0ms)
Started GET "/ssl_site/doc?page=5" for 10.246.130.31 at 2015-07-22 09:25:24 -0400
Processing by DocController#index as HTML
  Parameters: {"page"=>"5"}
filters, line 159
  Rendered doc/_doc_table_body.html.erb (0.0ms)
  Rendered doc/index.html.erb within layouts/application (0.0ms)
  Rendered layouts/_ssl_nav.html.erb (0.0ms)
Completed 200 OK in 343ms (Views: 15.6ms | ActiveRecord: 0.0ms)
Started GET "/ssl_site/" for 10.246.130.31 at 2015-07-22 09:25:27 -0400
Processing by SslController#index as HTML
index ssl 3
  Rendered ssl/_ssl_search.html.erb (0.0ms)
  Rendered ssl/index.html.erb within layouts/application (0.0ms)
  Rendered layouts/_ssl_nav.html.erb (15.6ms)
Completed 200 OK in 16ms (Views: 15.6ms | ActiveRecord: 0.0ms)
Started GET "/ssl_site/" for 10.246.130.31 at 2015-07-22 09:32:38 -0400
Processing by SslController#index as HTML
index ssl 3
  Rendered ssl/_ssl_search.html.erb (0.0ms)
  Rendered ssl/index.html.erb within layouts/application (0.0ms)
  Rendered layouts/_ssl_nav.html.erb (0.0ms)
Completed 200 OK in 0ms (Views: 0.0ms | ActiveRecord: 0.0ms)
Started GET "/ssl_site" for 130.64.3.88 at 2015-07-22 09:33:27 -0400
Processing by SslController#index as HTML
index ssl 3
  Rendered ssl/_ssl_search.html.erb (0.0ms)
  Rendered ssl/index.html.erb within layouts/application (0.0ms)
  Rendered layouts/_ssl_nav.html.erb (0.0ms)
Completed 200 OK in 0ms (Views: 0.0ms | ActiveRecord: 0.0ms)
Started GET "/ssl_site" for 130.64.3.88 at 2015-07-22 09:34:34 -0400
Processing by SslController#index as HTML
index ssl 3
  Rendered ssl/_ssl_search.html.erb (0.0ms)
  Rendered ssl/index.html.erb within layouts/application (0.0ms)
  Rendered layouts/_ssl_nav.html.erb (0.0ms)
Completed 200 OK in 0ms (Views: 0.0ms | ActiveRecord: 0.0ms)
Started GET "/ssl_site/doc" for 130.64.3.88 at 2015-07-22 09:40:39 -0400
Processing by DocController#index as HTML
filters, line 159
  Rendered doc/_doc_table_body.html.erb (0.0ms)
  Rendered doc/index.html.erb within layouts/application (15.6ms)
  Rendered layouts/_ssl_nav.html.erb (0.0ms)
Completed 200 OK in 406ms (Views: 15.6ms | ActiveRecord: 0.0ms)
Started GET "/ssl_site/doc?page=2" for 130.64.3.88 at 2015-07-22 09:40:41 -0400
Processing by DocController#index as HTML
  Parameters: {"page"=>"2"}
filters, line 159
  Rendered doc/_doc_table_body.html.erb (0.0ms)
  Rendered doc/index.html.erb within layouts/application (0.0ms)
  Rendered layouts/_ssl_nav.html.erb (15.6ms)
Completed 200 OK in 359ms (Views: 15.6ms | ActiveRecord: 0.0ms)
Started GET "/ssl_site/doc?page=3" for 130.64.3.88 at 2015-07-22 09:40:43 -0400
Processing by DocController#index as HTML
  Parameters: {"page"=>"3"}
filters, line 159
  Rendered doc/_doc_table_body.html.erb (0.0ms)
  Rendered doc/index.html.erb within layouts/application (0.0ms)
  Rendered layouts/_ssl_nav.html.erb (15.6ms)
Completed 200 OK in 374ms (Views: 15.6ms | ActiveRecord: 0.0ms)
Started GET "/ssl_site/doc?page=4" for 130.64.3.88 at 2015-07-22 09:40:44 -0400
Processing by DocController#index as HTML
  Parameters: {"page"=>"4"}
filters, line 159
  Rendered doc/_doc_table_body.html.erb (0.0ms)
  Rendered doc/index.html.erb within layouts/application (0.0ms)
  Rendered layouts/_ssl_nav.html.erb (15.6ms)
Completed 200 OK in 359ms (Views: 15.6ms | ActiveRecord: 0.0ms)
Started GET "/ssl_site/doc?page=5" for 130.64.3.88 at 2015-07-22 09:40:46 -0400
Processing by DocController#index as HTML
  Parameters: {"page"=>"5"}
filters, line 159
  Rendered doc/_doc_table_body.html.erb (0.0ms)
  Rendered doc/index.html.erb within layouts/application (0.0ms)
  Rendered layouts/_ssl_nav.html.erb (15.6ms)
Completed 200 OK in 359ms (Views: 15.6ms | ActiveRecord: 0.0ms)
Started GET "/ssl_site" for 130.64.3.88 at 2015-07-22 09:40:51 -0400
Processing by SslController#index as HTML
index ssl 3
  Rendered ssl/_ssl_search.html.erb (0.0ms)
  Rendered ssl/index.html.erb within layouts/application (0.0ms)
  Rendered layouts/_ssl_nav.html.erb (0.0ms)
Completed 200 OK in 0ms (Views: 0.0ms | ActiveRecord: 0.0ms)
Started GET "/ssl_site/doc?page=6" for 130.64.3.88 at 2015-07-22 09:41:57 -0400
Processing by DocController#index as HTML
  Parameters: {"page"=>"6"}
filters, line 159
  Rendered doc/_doc_table_body.html.erb (0.0ms)
  Rendered doc/index.html.erb within layouts/application (0.0ms)
  Rendered layouts/_ssl_nav.html.erb (15.6ms)
Completed 200 OK in 577ms (Views: 15.6ms | ActiveRecord: 0.0ms)
[tid-5721420] end of file reached (EOFError)
	C:/Zoo/Workers/ruby/lib/worker.rb:26:in `readpartial'
	C:/Zoo/Workers/ruby/lib/worker.rb:26:in `process'
	C:/Zoo/Workers/ruby/lib/worker.rb:20:in `block in run'
	C:/Zoo/Workers/ruby/lib/worker.rb:20:in `loop'
	C:/Zoo/Workers/ruby/lib/worker.rb:20:in `run'
	C:/Zoo/Workers/ruby/zoorack.rb:30:in `<module:Zack>'
	C:/Zoo/Workers/ruby/zoorack.rb:12:in `<main>'
