Started GET "/ssl_site" for 10.246.130.31 at 2015-07-22 09:51:48 -0400
Processing by SslController#index as HTML
index ssl 3
  Rendered ssl/_ssl_search.html.erb (0.0ms)
  Rendered ssl/index.html.erb within layouts/application (0.0ms)
  Rendered layouts/_ssl_nav.html.erb (0.0ms)
Completed 200 OK in 62ms (Views: 31.2ms | ActiveRecord: 0.0ms)
Started GET "/ssl_site/" for 10.246.130.31 at 2015-07-22 09:55:34 -0400
Processing by SslController#index as HTML
index ssl 3
  Rendered ssl/_ssl_search.html.erb (0.0ms)
  Rendered ssl/index.html.erb within layouts/application (0.0ms)
  Rendered layouts/_ssl_nav.html.erb (0.0ms)
Completed 200 OK in 16ms (Views: 15.6ms | ActiveRecord: 0.0ms)
Started GET "/ssl_site/" for 10.246.130.31 at 2015-07-22 09:56:48 -0400
Processing by SslController#index as HTML
index ssl 3
  Rendered ssl/_ssl_search.html.erb (0.0ms)
  Rendered ssl/index.html.erb within layouts/application (31.2ms)
  Rendered layouts/_ssl_nav.html.erb (15.6ms)
Completed 200 OK in 47ms (Views: 46.8ms | ActiveRecord: 0.0ms)
Started GET "/ssl_site/doc?utf8=%E2%9C%93&title=&author=sylvain&isbn=&disciplines=&keywords=&publisher=&commit=Search" for 10.246.130.31 at 2015-07-22 09:56:58 -0400
Processing by DocController#index as HTML
  Parameters: {"utf8"=>"✓", "title"=>"", "author"=>"sylvain", "isbn"=>"", "disciplines"=>"", "keywords"=>"", "publisher"=>"", "commit"=>"Search"}
filters, line 159
  Rendered doc/_doc_table_body.html.erb (0.0ms)
  Rendered doc/index.html.erb within layouts/application (15.6ms)
  Rendered layouts/_ssl_nav.html.erb (0.0ms)
Completed 200 OK in 3728ms (Views: 15.6ms | ActiveRecord: 0.0ms)
Started GET "/ssl_site/" for 10.246.130.31 at 2015-07-22 09:57:05 -0400
Processing by SslController#index as HTML
index ssl 3
  Rendered ssl/_ssl_search.html.erb (0.0ms)
  Rendered ssl/index.html.erb within layouts/application (0.0ms)
  Rendered layouts/_ssl_nav.html.erb (0.0ms)
Completed 200 OK in 0ms (Views: 0.0ms | ActiveRecord: 0.0ms)
Started GET "/ssl_site/doc" for 10.246.130.31 at 2015-07-22 09:57:08 -0400
Processing by DocController#index as HTML
filters, line 159
  Rendered doc/_doc_table_body.html.erb (15.6ms)
  Rendered doc/index.html.erb within layouts/application (31.2ms)
  Rendered layouts/_ssl_nav.html.erb (0.0ms)
Completed 200 OK in 374ms (Views: 31.2ms | ActiveRecord: 0.0ms)
Started GET "/ssl_site/doc?page=2" for 10.246.130.31 at 2015-07-22 09:57:15 -0400
Processing by DocController#index as HTML
  Parameters: {"page"=>"2"}
filters, line 159
  Rendered doc/_doc_table_body.html.erb (15.6ms)
  Rendered doc/index.html.erb within layouts/application (31.2ms)
  Rendered layouts/_ssl_nav.html.erb (15.6ms)
Completed 200 OK in 425ms (Views: 46.8ms | ActiveRecord: 0.0ms)
Started GET "/ssl_site/doc?page=3" for 10.246.130.31 at 2015-07-22 09:57:17 -0400
Processing by DocController#index as HTML
  Parameters: {"page"=>"3"}
filters, line 159
  Rendered doc/_doc_table_body.html.erb (0.0ms)
  Rendered doc/index.html.erb within layouts/application (0.0ms)
  Rendered layouts/_ssl_nav.html.erb (0.0ms)
Completed 200 OK in 359ms (Views: 15.6ms | ActiveRecord: 0.0ms)
Started GET "/ssl_site/doc?page=4" for 10.246.130.31 at 2015-07-22 09:57:30 -0400
Processing by DocController#index as HTML
  Parameters: {"page"=>"4"}
filters, line 159
  Rendered doc/_doc_table_body.html.erb (0.0ms)
  Rendered doc/index.html.erb within layouts/application (0.0ms)
  Rendered layouts/_ssl_nav.html.erb (15.6ms)
Completed 200 OK in 343ms (Views: 15.6ms | ActiveRecord: 0.0ms)
Started GET "/ssl_site/doc?page=5" for 10.246.130.31 at 2015-07-22 09:57:31 -0400
Processing by DocController#index as HTML
  Parameters: {"page"=>"5"}
filters, line 159
  Rendered doc/_doc_table_body.html.erb (0.0ms)
  Rendered doc/index.html.erb within layouts/application (0.0ms)
  Rendered layouts/_ssl_nav.html.erb (15.6ms)
Completed 200 OK in 343ms (Views: 15.6ms | ActiveRecord: 0.0ms)
Started GET "/ssl_site/" for 10.246.130.31 at 2015-07-22 09:57:54 -0400
Processing by SslController#index as HTML
index ssl 3
  Rendered ssl/_ssl_search.html.erb (0.0ms)
  Rendered ssl/index.html.erb within layouts/application (0.0ms)
  Rendered layouts/_ssl_nav.html.erb (0.0ms)
Completed 200 OK in 16ms (Views: 15.6ms | ActiveRecord: 0.0ms)
Started GET "/ssl_site" for 130.64.3.88 at 2015-07-22 09:58:17 -0400
Processing by SslController#index as HTML
index ssl 3
  Rendered ssl/_ssl_search.html.erb (0.0ms)
  Rendered ssl/index.html.erb within layouts/application (0.0ms)
  Rendered layouts/_ssl_nav.html.erb (0.0ms)
Completed 200 OK in 0ms (Views: 0.0ms | ActiveRecord: 0.0ms)
Started GET "/ssl_site" for 10.246.130.31 at 2015-07-22 09:59:57 -0400
Processing by SslController#index as HTML
index ssl 3
  Rendered ssl/_ssl_search.html.erb (0.0ms)
  Rendered ssl/index.html.erb within layouts/application (0.0ms)
  Rendered layouts/_ssl_nav.html.erb (15.6ms)
Completed 200 OK in 16ms (Views: 15.6ms | ActiveRecord: 0.0ms)
[tid-3722568] end of file reached (EOFError)
	C:/Zoo/Workers/ruby/lib/worker.rb:26:in `readpartial'
	C:/Zoo/Workers/ruby/lib/worker.rb:26:in `process'
	C:/Zoo/Workers/ruby/lib/worker.rb:20:in `block in run'
	C:/Zoo/Workers/ruby/lib/worker.rb:20:in `loop'
	C:/Zoo/Workers/ruby/lib/worker.rb:20:in `run'
	C:/Zoo/Workers/ruby/zoorack.rb:30:in `<module:Zack>'
	C:/Zoo/Workers/ruby/zoorack.rb:12:in `<main>'
