Started GET "/ssl_site" for 10.246.130.31 at 2015-07-24 09:01:37 -0400
Processing by SslController#index as HTML
index ssl 3
  Rendered ssl/_ssl_search.html.erb (0.0ms)
  Rendered ssl/index.html.erb within layouts/application (0.0ms)
  Rendered layouts/_ssl_nav.html.erb (15.6ms)
Completed 200 OK in 62ms (Views: 31.2ms | ActiveRecord: 0.0ms)
Started GET "/ssl_site" for 130.64.3.142 at 2015-07-24 09:01:47 -0400
Processing by SslController#index as HTML
index ssl 3
  Rendered ssl/_ssl_search.html.erb (15.6ms)
  Rendered ssl/index.html.erb within layouts/application (15.6ms)
  Rendered layouts/_ssl_nav.html.erb (0.0ms)
Completed 200 OK in 16ms (Views: 15.6ms | ActiveRecord: 0.0ms)
Started GET "/ssl_site" for 130.64.3.142 at 2015-07-24 09:12:45 -0400
Processing by SslController#index as HTML
index ssl 3
  Rendered ssl/_ssl_search.html.erb (0.0ms)
  Rendered ssl/index.html.erb within layouts/application (0.0ms)
  Rendered layouts/_ssl_nav.html.erb (31.2ms)
Completed 200 OK in 31ms (Views: 31.2ms | ActiveRecord: 0.0ms)
